<?xml version="1.0" encoding="UTF-8"?>
<testsuite xmlns:xsi="http://www.w3.org/2001/XMLSchema-instance" xsi:noNamespaceSchemaLocation="https://maven.apache.org/surefire/maven-surefire-plugin/xsd/surefire-test-report.xsd" name="com.pcsat.AppTest" time="0.065" tests="1" errors="0" skipped="0" failures="0">
  <properties>
    <property name="sun.desktop" value="windows"/>
    <property name="awt.toolkit" value="sun.awt.windows.WToolkit"/>
    <property name="file.encoding.pkg" value="sun.io"/>
    <property name="java.specification.version" value="1.8"/>
    <property name="sun.cpu.isalist" value="amd64"/>
    <property name="sun.jnu.encoding" value="GBK"/>
    <property name="java.class.path" value="H:\PCSAT\pcsat\pcsat_common\target\test-classes;H:\PCSAT\pcsat\pcsat_common\target\classes;H:\IDEARepository\Repository\joda-time\joda-time\2.5\joda-time-2.5.jar;H:\IDEARepository\Repository\org\apache\commons\commons-lang3\3.3.2\commons-lang3-3.3.2.jar;H:\IDEARepository\Repository\commons-io\commons-io\1.3.2\commons-io-1.3.2.jar;H:\IDEARepository\Repository\commons-net\commons-net\3.3\commons-net-3.3.jar;H:\IDEARepository\Repository\com\fasterxml\jackson\core\jackson-databind\2.9.6\jackson-databind-2.9.6.jar;H:\IDEARepository\Repository\com\fasterxml\jackson\core\jackson-annotations\2.9.0\jackson-annotations-2.9.0.jar;H:\IDEARepository\Repository\com\fasterxml\jackson\core\jackson-core\2.9.6\jackson-core-2.9.6.jar;H:\IDEARepository\Repository\org\apache\httpcomponents\httpclient\4.3.5\httpclient-4.3.5.jar;H:\IDEARepository\Repository\org\apache\httpcomponents\httpcore\4.3.2\httpcore-4.3.2.jar;H:\IDEARepository\Repository\commons-logging\commons-logging\1.1.3\commons-logging-1.1.3.jar;H:\IDEARepository\Repository\commons-codec\commons-codec\1.6\commons-codec-1.6.jar;H:\IDEARepository\Repository\junit\junit\4.12\junit-4.12.jar;H:\IDEARepository\Repository\org\hamcrest\hamcrest-core\1.3\hamcrest-core-1.3.jar;H:\IDEARepository\Repository\org\slf4j\slf4j-log4j12\1.6.4\slf4j-log4j12-1.6.4.jar;H:\IDEARepository\Repository\org\slf4j\slf4j-api\1.6.4\slf4j-api-1.6.4.jar;H:\IDEARepository\Repository\log4j\log4j\1.2.16\log4j-1.2.16.jar;H:\IDEARepository\Repository\javax\servlet\servlet-api\2.5\servlet-api-2.5.jar;H:\IDEARepository\Repository\javax\servlet\jsp-api\2.0\jsp-api-2.0.jar;"/>
    <property name="java.vm.vendor" value="Oracle Corporation"/>
    <property name="sun.arch.data.model" value="64"/>
    <property name="user.variant" value=""/>
    <property name="java.vendor.url" value="http://java.oracle.com/"/>
    <property name="user.timezone" value=""/>
    <property name="java.vm.specification.version" value="1.8"/>
    <property name="os.name" value="Windows 10"/>
    <property name="user.country" value="CN"/>
    <property name="sun.java.launcher" value="SUN_STANDARD"/>
    <property name="sun.boot.library.path" value="C:\Program Files\Java\jdk1.8.0_161\jre\bin"/>
    <property name="sun.java.command" value="C:\Users\WILLIA~1\AppData\Local\Temp\surefire5818942639708676947\surefirebooter4885454662746232147.jar C:\Users\WillianZhong\AppData\Local\Temp\surefire5818942639708676947 2018-08-28T09-42-10_555-jvmRun1 surefire2441953251632229143tmp surefire_06352775919530111019tmp"/>
    <property name="surefire.test.class.path" value="H:\PCSAT\pcsat\pcsat_common\target\test-classes;H:\PCSAT\pcsat\pcsat_common\target\classes;H:\IDEARepository\Repository\joda-time\joda-time\2.5\joda-time-2.5.jar;H:\IDEARepository\Repository\org\apache\commons\commons-lang3\3.3.2\commons-lang3-3.3.2.jar;H:\IDEARepository\Repository\commons-io\commons-io\1.3.2\commons-io-1.3.2.jar;H:\IDEARepository\Repository\commons-net\commons-net\3.3\commons-net-3.3.jar;H:\IDEARepository\Repository\com\fasterxml\jackson\core\jackson-databind\2.9.6\jackson-databind-2.9.6.jar;H:\IDEARepository\Repository\com\fasterxml\jackson\core\jackson-annotations\2.9.0\jackson-annotations-2.9.0.jar;H:\IDEARepository\Repository\com\fasterxml\jackson\core\jackson-core\2.9.6\jackson-core-2.9.6.jar;H:\IDEARepository\Repository\org\apache\httpcomponents\httpclient\4.3.5\httpclient-4.3.5.jar;H:\IDEARepository\Repository\org\apache\httpcomponents\httpcore\4.3.2\httpcore-4.3.2.jar;H:\IDEARepository\Repository\commons-logging\commons-logging\1.1.3\commons-logging-1.1.3.jar;H:\IDEARepository\Repository\commons-codec\commons-codec\1.6\commons-codec-1.6.jar;H:\IDEARepository\Repository\junit\junit\4.12\junit-4.12.jar;H:\IDEARepository\Repository\org\hamcrest\hamcrest-core\1.3\hamcrest-core-1.3.jar;H:\IDEARepository\Repository\org\slf4j\slf4j-log4j12\1.6.4\slf4j-log4j12-1.6.4.jar;H:\IDEARepository\Repository\org\slf4j\slf4j-api\1.6.4\slf4j-api-1.6.4.jar;H:\IDEARepository\Repository\log4j\log4j\1.2.16\log4j-1.2.16.jar;H:\IDEARepository\Repository\javax\servlet\servlet-api\2.5\servlet-api-2.5.jar;H:\IDEARepository\Repository\javax\servlet\jsp-api\2.0\jsp-api-2.0.jar;"/>
    <property name="sun.cpu.endian" value="little"/>
    <property name="user.home" value="C:\Users\WillianZhong"/>
    <property name="user.language" value="zh"/>
    <property name="java.specification.vendor" value="Oracle Corporation"/>
    <property name="java.home" value="C:\Program Files\Java\jdk1.8.0_161\jre"/>
    <property name="basedir" value="H:\PCSAT\pcsat\pcsat_common"/>
    <property name="file.separator" value="\"/>
    <property name="line.separator" value="&#10;"/>
    <property name="java.vm.specification.vendor" value="Oracle Corporation"/>
    <property name="java.specification.name" value="Java Platform API Specification"/>
    <property name="java.awt.graphicsenv" value="sun.awt.Win32GraphicsEnvironment"/>
    <property name="surefire.real.class.path" value="C:\Users\WILLIA~1\AppData\Local\Temp\surefire5818942639708676947\surefirebooter4885454662746232147.jar"/>
    <property name="sun.boot.class.path" value="C:\Program Files\Java\jdk1.8.0_161\jre\lib\resources.jar;C:\Program Files\Java\jdk1.8.0_161\jre\lib\rt.jar;C:\Program Files\Java\jdk1.8.0_161\jre\lib\sunrsasign.jar;C:\Program Files\Java\jdk1.8.0_161\jre\lib\jsse.jar;C:\Program Files\Java\jdk1.8.0_161\jre\lib\jce.jar;C:\Program Files\Java\jdk1.8.0_161\jre\lib\charsets.jar;C:\Program Files\Java\jdk1.8.0_161\jre\lib\jfr.jar;C:\Program Files\Java\jdk1.8.0_161\jre\classes"/>
    <property name="user.script" value=""/>
    <property name="sun.management.compiler" value="HotSpot 64-Bit Tiered Compilers"/>
    <property name="java.runtime.version" value="1.8.0_161-b12"/>
    <property name="user.name" value="WillianZhong"/>
    <property name="path.separator" value=";"/>
    <property name="os.version" value="10.0"/>
    <property name="java.endorsed.dirs" value="C:\Program Files\Java\jdk1.8.0_161\jre\lib\endorsed"/>
    <property name="java.runtime.name" value="Java(TM) SE Runtime Environment"/>
    <property name="file.encoding" value="GBK"/>
    <property name="java.vm.name" value="Java HotSpot(TM) 64-Bit Server VM"/>
    <property name="localRepository" value="H:\IDEARepository\Repository"/>
    <property name="java.vendor.url.bug" value="http://bugreport.sun.com/bugreport/"/>
    <property name="java.io.tmpdir" value="C:\Users\WILLIA~1\AppData\Local\Temp\"/>
    <property name="idea.version" value="2018.1.2"/>
    <property name="java.version" value="1.8.0_161"/>
    <property name="user.dir" value="H:\PCSAT\pcsat\pcsat_common"/>
    <property name="os.arch" value="amd64"/>
    <property name="java.vm.specification.name" value="Java Virtual Machine Specification"/>
    <property name="java.awt.printerjob" value="sun.awt.windows.WPrinterJob"/>
    <property name="sun.os.patch.level" value=""/>
    <property name="java.library.path" value="C:\Program Files\Java\jdk1.8.0_161\jre\bin;C:\WINDOWS\Sun\Java\bin;C:\WINDOWS\system32;C:\WINDOWS;C:\ProgramData\Oracle\Java\javapath;C:\WINDOWS\system32;C:\WINDOWS;C:\WINDOWS\System32\Wbem;C:\WINDOWS\System32\WindowsPowerShell\v1.0\;D:\apache-tomcat-8.5.30\bin;D:\apache-tomcat-8.5.30\lib;D:\apache-maven-3.5.3\bin;D:\Program Files\NodeJS\;C:\Program Files\Redis;C:\Program Files\Git\cmd;D:\syncthing;D:\wamp\bin\mysql\mysql5.7.14\bin;C:\MongoDB\Server\3.6\bin;D:\nginx;C:\Program Files\Java\jdk1.8.0_161bin;C:\WINDOWS\System32\OpenSSH\;C:\Program Files\MongoDB\Server\4.0\bin;;D:\Program Files\Microsoft VS Code\bin;D:\Program Files\VisualSVN Server\bin;C:\Program Files\TortoiseSVN\bin;C:\Users\WillianZhong\Anaconda3;C:\Users\WillianZhong\Anaconda3\Library\mingw-w64\bin;C:\Users\WillianZhong\Anaconda3\Library\usr\bin;C:\Users\WillianZhong\Anaconda3\Library\bin;C:\Users\WillianZhong\Anaconda3\Scripts;C:\Users\WillianZhong\AppData\Local\Microsoft\WindowsApps;C:\Program Files\Microsoft VS Code\bin;C:\Users\WillianZhong\AppData\Roaming\npm;D:\Program Files\Microsoft VS Code\bin;%USERPROFILE%\AppData\Local\Microsoft\WindowsApps;;."/>
    <property name="java.vm.info" value="mixed mode"/>
    <property name="java.vendor" value="Oracle Corporation"/>
    <property name="java.vm.version" value="25.161-b12"/>
    <property name="java.ext.dirs" value="C:\Program Files\Java\jdk1.8.0_161\jre\lib\ext;C:\WINDOWS\Sun\Java\lib\ext"/>
    <property name="sun.io.unicode.encoding" value="UnicodeLittle"/>
    <property name="java.class.version" value="52.0"/>
  </properties>
  <testcase name="shouldAnswerWithTrue" classname="com.pcsat.AppTest" time="0.002"/>
</testsuite>